<?xml version="1.0" encoding="UTF-8"?>
<testsuite name="library.api.tests.AddBookToLibraryTest" tests="1" skipped="0" failures="0" errors="0" timestamp="2023-03-28T08:15:32" hostname="DESKTOP-CG832U9" time="12.447">
  <properties/>
  <testcase name="Добавить книгу в библиотеку" classname="library.api.tests.AddBookToLibraryTest" time="12.447"/>
  <system-out><![CDATA[Request method:	POST
Request URI:	http://localhost:5000/api/books
Proxy:			<none>
Request params:	<none>
Query params:	<none>
Form params:	<none>
Path params:	<none>
Headers:		Accept=*/*
				Content-Type=application/json
Cookies:		<none>
Multiparts:		<none>
Body:
{
    "author": "Молодая гваридия",
    "id": 0,
    "isElectronicBook": true,
    "name": "Игральные вечера",
    "year": 1931
}
HTTP/1.1 201 CREATED
Server: Werkzeug/2.2.2 Python/3.8.16
Date: Tue, 28 Mar 2023 08:15:42 GMT
Content-Type: application/json
Content-Length: 258
Connection: close

{
    "book": {
        "author": "Молодая гваридия",
        "id": 3,
        "isElectronicBook": true,
        "name": "Игральные вечера",
        "year": 1931
    }
}
]]></system-out>
  <system-err><![CDATA[]]></system-err>
</testsuite>
