<?xml version="1.0" encoding="UTF-8"?>
<testsuite name="library.api.tests.DeleteBookTest" tests="1" skipped="0" failures="0" errors="0" timestamp="2023-03-28T08:15:44" hostname="DESKTOP-CG832U9" time="0.102">
  <properties/>
  <testcase name="Удалить книгу из библиотеки" classname="library.api.tests.DeleteBookTest" time="0.102"/>
  <system-out><![CDATA[Request method:	DELETE
Request URI:	http://localhost:5000/api/books/3
Proxy:			<none>
Request params:	<none>
Query params:	<none>
Form params:	<none>
Path params:	<none>
Headers:		Accept=*/*
				Content-Type=application/json
Cookies:		<none>
Multiparts:		<none>
Body:			<none>
HTTP/1.1 200 OK
Server: Werkzeug/2.2.2 Python/3.8.16
Date: Tue, 28 Mar 2023 08:15:44 GMT
Content-Type: application/json
Content-Length: 16
Connection: close

{
    "result": true
}
]]></system-out>
  <system-err><![CDATA[]]></system-err>
</testsuite>
